# JRE version: OpenJDK Runtime Environment Microsoft-13106404 (21.0.10+7) (build 21.0.10+7-LTS)
# Java VM: OpenJDK 64-Bit Server VM Microsoft-13106404 (21.0.10+7-LTS, mixed mode, sharing, tiered, compressed oops, compressed class ptrs, g1 gc, windows-amd64)
GC Precious Log:
 CardTable entry size: 512
 Card Set container configuration: InlinePtr #cards 5 size 8 Array Of Cards #cards 12 size 40 Howl #buckets 4 coarsen threshold 1843 Howl Bitmap #cards 512 size 80 coarsen threshold 460 Card regions per heap region 1 cards per card region 2048
 CPUs: 4 total, 4 available
 Memory: 8064M
 Large Page Support: Disabled
 NUMA Support: Disabled
 Compressed Oops: Enabled (32-bit)
 Heap Region Size: 1M
 Heap Min Capacity: 256M
 Heap Initial Capacity: 256M
 Heap Max Capacity: 512M
 Pre-touch: Disabled
 Parallel Workers: 4
 Concurrent Workers: 1
 Concurrent Refinement Workers: 4
 Periodic GC: Disabled
Heap:
 garbage-first heap   total 266240K, used 184201K [0x00000000e0000000, 0x0000000100000000)
  region size 1024K, 87 young (89088K), 19 survivors (19456K)
 Metaspace       used 83339K, committed 86080K, reserved 458752K
  class space    used 11533K, committed 12864K, reserved 327680K
GC Heap History (20 events):
Event: 7.242 GC heap before
{Heap before GC invocations=6 (full 0):
 garbage-first heap   total 262144K, used 32253K [0x00000000e0000000, 0x0000000100000000)
  region size 1024K, 16 young (16384K), 13 survivors (13312K)
 Metaspace       used 34845K, committed 36288K, reserved 393216K
  class space    used 5184K, committed 5888K, reserved 327680K
}
Event: 7.264 GC heap after
{Heap after GC invocations=7 (full 0):
 garbage-first heap   total 262144K, used 31682K [0x00000000e0000000, 0x0000000100000000)
  region size 1024K, 8 young (8192K), 8 survivors (8192K)
 Metaspace       used 34845K, committed 36288K, reserved 393216K
  class space    used 5184K, committed 5888K, reserved 327680K
}
Event: 7.308 GC heap before
{Heap before GC invocations=7 (full 0):
 garbage-first heap   total 262144K, used 32706K [0x00000000e0000000, 0x0000000100000000)
  region size 1024K, 10 young (10240K), 8 survivors (8192K)
 Metaspace       used 35139K, committed 36608K, reserved 393216K
  class space    used 5197K, committed 5952K, reserved 327680K
}
Event: 7.319 GC heap after
{Heap after GC invocations=8 (full 0):
 garbage-first heap   total 262144K, used 31170K [0x00000000e0000000, 0x0000000100000000)
  region size 1024K, 7 young (7168K), 7 survivors (7168K)
 Metaspace       used 35139K, committed 36608K, reserved 393216K
  class space    used 5197K, committed 5952K, reserved 327680K
}
Event: 11.099 GC heap before
{Heap before GC invocations=9 (full 0):
 garbage-first heap   total 262144K, used 183746K [0x00000000e0000000, 0x0000000100000000)
  region size 1024K, 153 young (156672K), 7 survivors (7168K)
 Metaspace       used 52538K, committed 54656K, reserved 393216K
  class space    used 7754K, committed 8768K, reserved 327680K
}
Event: 11.125 GC heap after
{Heap after GC invocations=10 (full 0):
 garbage-first heap   total 262144K, used 44994K [0x00000000e0000000, 0x0000000100000000)
  region size 1024K, 19 young (19456K), 19 survivors (19456K)
 Metaspace       used 52538K, committed 54656K, reserved 393216K
  class space    used 7754K, committed 8768K, reserved 327680K
}
Event: 13.163 GC heap before
{Heap before GC invocations=10 (full 0):
 garbage-first heap   total 262144K, used 142274K [0x00000000e0000000, 0x0000000100000000)
  region size 1024K, 116 young (118784K), 19 survivors (19456K)
 Metaspace       used 58830K, committed 61120K, reserved 393216K
  class space    used 8740K, committed 9856K, reserved 327680K
}
Event: 13.197 GC heap after
{Heap after GC invocations=11 (full 0):
 garbage-first heap   total 262144K, used 54784K [0x00000000e0000000, 0x0000000100000000)
  region size 1024K, 11 young (11264K), 11 survivors (11264K)
 Metaspace       used 58830K, committed 61120K, reserved 393216K
  class space    used 8740K, committed 9856K, reserved 327680K
}
Event: 13.796 GC heap before
{Heap before GC invocations=11 (full 0):
 garbage-first heap   total 262144K, used 55808K [0x00000000e0000000, 0x0000000100000000)
  region size 1024K, 13 young (13312K), 11 survivors (11264K)
 Metaspace       used 59117K, committed 61440K, reserved 393216K
  class space    used 8775K, committed 9920K, reserved 327680K
}
Event: 13.807 GC heap after
{Heap after GC invocations=12 (full 0):
 garbage-first heap   total 262144K, used 54784K [0x00000000e0000000, 0x0000000100000000)
  region size 1024K, 11 young (11264K), 11 survivors (11264K)
 Metaspace       used 59117K, committed 61440K, reserved 393216K
  class space    used 8775K, committed 9920K, reserved 327680K
}
Event: 25.090 GC heap before
{Heap before GC invocations=13 (full 0):
 garbage-first heap   total 262144K, used 200192K [0x00000000e0000000, 0x0000000100000000)
  region size 1024K, 153 young (156672K), 11 survivors (11264K)
 Metaspace       used 63555K, committed 66112K, reserved 393216K
  class space    used 9195K, committed 10432K, reserved 327680K
}
Event: 25.111 GC heap after
{Heap after GC invocations=14 (full 0):
 garbage-first heap   total 262144K, used 61440K [0x00000000e0000000, 0x0000000100000000)
  region size 1024K, 17 young (17408K), 17 survivors (17408K)
 Metaspace       used 63555K, committed 66112K, reserved 393216K
  class space    used 9195K, committed 10432K, reserved 327680K
}
Event: 29.537 GC heap before
{Heap before GC invocations=14 (full 0):
 garbage-first heap   total 262144K, used 201728K [0x00000000e0000000, 0x0000000100000000)
  region size 1024K, 153 young (156672K), 17 survivors (17408K)
 Metaspace       used 75062K, committed 77632K, reserved 458752K
  class space    used 10570K, committed 11840K, reserved 327680K
}
Event: 29.595 GC heap after
{Heap after GC invocations=15 (full 0):
 garbage-first heap   total 262144K, used 81920K [0x00000000e0000000, 0x0000000100000000)
  region size 1024K, 20 young (20480K), 20 survivors (20480K)
 Metaspace       used 75062K, committed 77632K, reserved 458752K
  class space    used 10570K, committed 11840K, reserved 327680K
}
Event: 33.251 GC heap before
{Heap before GC invocations=15 (full 0):
 garbage-first heap   total 262144K, used 217088K [0x00000000e0000000, 0x0000000100000000)
  region size 1024K, 153 young (156672K), 20 survivors (20480K)
 Metaspace       used 77119K, committed 79744K, reserved 458752K
  class space    used 10808K, committed 12096K, reserved 327680K
}
Event: 33.289 GC heap after
{Heap after GC invocations=16 (full 0):
 garbage-first heap   total 262144K, used 87552K [0x00000000e0000000, 0x0000000100000000)
  region size 1024K, 5 young (5120K), 5 survivors (5120K)
 Metaspace       used 77119K, committed 79744K, reserved 458752K
  class space    used 10808K, committed 12096K, reserved 327680K
}
Event: 37.302 GC heap before
{Heap before GC invocations=16 (full 0):
 garbage-first heap   total 262144K, used 227840K [0x00000000e0000000, 0x0000000100000000)
  region size 1024K, 142 young (145408K), 5 survivors (5120K)
 Metaspace       used 80669K, committed 83328K, reserved 458752K
  class space    used 11187K, committed 12480K, reserved 327680K
}
Event: 37.318 GC heap after
{Heap after GC invocations=17 (full 0):
 garbage-first heap   total 262144K, used 93533K [0x00000000e0000000, 0x0000000100000000)
  region size 1024K, 11 young (11264K), 11 survivors (11264K)
 Metaspace       used 80669K, committed 83328K, reserved 458752K
  class space    used 11187K, committed 12480K, reserved 327680K
}
Event: 40.713 GC heap before
{Heap before GC invocations=17 (full 0):
 garbage-first heap   total 262144K, used 232797K [0x00000000e0000000, 0x0000000100000000)
  region size 1024K, 145 young (148480K), 11 survivors (11264K)
 Metaspace       used 81929K, committed 84672K, reserved 458752K
  class space    used 11365K, committed 12672K, reserved 327680K
}
Event: 40.759 GC heap after
{Heap after GC invocations=18 (full 0):
 garbage-first heap   total 266240K, used 116617K [0x00000000e0000000, 0x0000000100000000)
  region size 1024K, 19 young (19456K), 19 survivors (19456K)
 Metaspace       used 81929K, committed 84672K, reserved 458752K
  class space    used 11365K, committed 12672K, reserved 327680K
}

